<?xml version="1.0" encoding="UTF-8"?>
<dataset>
    <USERS  userName="userTest" userPass="test"/>
    <USERS  userName="userTest2" userPass="test"/>
</dataset>